--- FAIL: TestCorrectLeaderAfterSuspectAndRestoreSeq (0.00s)
    ld_test.go:132: TestCorrectLeaderSetAfterSuspectRestoreSeq 1: got leader 2, want leader 1
    ld_test.go:132: TestCorrectLeaderSetAfterSuspectRestoreSeq 2: got leader 2, want leader 0
    ld_test.go:132: TestCorrectLeaderSetAfterSuspectRestoreSeq 3: got leader 2, want leader -1
    ld_test.go:132: TestCorrectLeaderSetAfterSuspectRestoreSeq 4: got leader 2, want leader 1
    ld_test.go:132: TestCorrectLeaderSetAfterSuspectRestoreSeq 7: got leader 2, want leader 1
    ld_test.go:132: TestCorrectLeaderSetAfterSuspectRestoreSeq 9: got leader 4, want leader 2
--- FAIL: TestPublishSubscribe (0.00s)
    ld_test.go:162: TestPubSub 1: subscriber 1 got nil channel, want non-nil
FAIL
exit status 1
FAIL	dat520/lab3/leaderdetector	0.004s
